#
# There is insufficient memory for the Java Runtime Environment to continue.
# Native memory allocation (malloc) failed to allocate 295056 bytes for Chunk::new
# Possible reasons:
#   The system is out of physical RAM or swap space
#   In 32 bit mode, the process size limit was hit
# Possible solutions:
#   Reduce memory load on the system
#   Increase physical memory or swap space
#   Check if swap backing store is full
#   Use 64 bit Java on a 64 bit OS
#   Decrease Java heap size (-Xmx/-Xms)
#   Decrease number of Java threads
#   Decrease Java thread stack sizes (-Xss)
#   Set larger code cache with -XX:ReservedCodeCacheSize=
# This output file may be truncated or incomplete.
#
#  Out of Memory Error (allocation.cpp:390), pid=5884, tid=0x0000000000001818
#
# JRE version: OpenJDK Runtime Environment (8.0_152-b02) (build 1.8.0_152-release-1024-b02)
# Java VM: OpenJDK 64-Bit Server VM (25.152-b02 mixed mode windows-amd64 compressed oops)
# Failed to write core dump. Minidumps are not enabled by default on client versions of Windows
#

---------------  T H R E A D  ---------------

Current thread (0x000000001a46b800):  JavaThread "C2 CompilerThread1" daemon [_thread_in_native, id=6168, stack(0x000000001ad30000,0x000000001ae30000)]

Stack: [0x000000001ad30000,0x000000001ae30000]
[error occurred during error reporting (printing stack bounds), id 0xc0000005]

Native frames: (J=compiled Java code, j=interpreted, Vv=VM code, C=native code)


Current CompileTask:
C2:  49343 8660   !   4       sun.misc.URLClassPath$JarLoader::getResource (353 bytes)


---------------  P R O C E S S  ---------------

Java Threads: ( => current thread )
  0x000000001e590000 JavaThread "build operations Thread 8" [_thread_blocked, id=6376, stack(0x0000000029ca0000,0x0000000029da0000)]
  0x000000001e593000 JavaThread "build operations Thread 7" [_thread_blocked, id=4700, stack(0x0000000029ba0000,0x0000000029ca0000)]
  0x000000001e28b800 JavaThread "build operations Thread 6" [_thread_blocked, id=6276, stack(0x0000000029aa0000,0x0000000029ba0000)]
  0x000000001e28b000 JavaThread "build operations Thread 5" [_thread_blocked, id=6700, stack(0x00000000299a0000,0x0000000029aa0000)]
  0x000000001e289800 JavaThread "build operations Thread 4" [_thread_blocked, id=8140, stack(0x00000000298a0000,0x00000000299a0000)]
  0x000000001e288000 JavaThread "build operations Thread 3" [_thread_blocked, id=6256, stack(0x00000000297a0000,0x00000000298a0000)]
  0x000000001e28a000 JavaThread "build operations Thread 2" [_thread_blocked, id=4000, stack(0x00000000296a0000,0x00000000297a0000)]
  0x000000001e288800 JavaThread "build operations" [_thread_blocked, id=9032, stack(0x00000000295a0000,0x00000000296a0000)]
  0x000000001e28c800 JavaThread "Cache worker for Artifact transforms cache (C:\Users\Samet\.gradle\caches\transforms-1)" [_thread_blocked, id=5100, stack(0x00000000294a0000,0x00000000295a0000)]
  0x000000001e28e800 JavaThread "Cache worker for file hash cache (C:\Users\Samet\Desktop\android\arabulkazan\.gradle\4.4\fileHashes)" [_thread_blocked, id=8396, stack(0x00000000293a0000,0x00000000294a0000)]
  0x000000001e28d000 JavaThread "Stdin handler" [_thread_blocked, id=9024, stack(0x00000000292a0000,0x00000000293a0000)]
  0x000000001e28e000 JavaThread "Asynchronous log dispatcher for DefaultDaemonConnection: socket connection from /127.0.0.1:1055 to /127.0.0.1:1071" [_thread_blocked, id=3764, stack(0x00000000291a0000,0x00000000292a0000)]
  0x000000001e280800 JavaThread "Cancel handler" [_thread_blocked, id=8444, stack(0x00000000290a0000,0x00000000291a0000)]
  0x000000001e287000 JavaThread "Handler for socket connection from /127.0.0.1:1055 to /127.0.0.1:1071" [_thread_in_native, id=3384, stack(0x0000000028fa0000,0x00000000290a0000)]
  0x000000001e590800 JavaThread "Memory manager" [_thread_blocked, id=7100, stack(0x00000000244b0000,0x00000000245b0000)]
  0x000000001c5b2000 JavaThread "File lock request listener" [_thread_in_native, id=8408, stack(0x000000001de80000,0x000000001df80000)]
  0x000000001c5bb000 JavaThread "Cache worker for file hash cache (C:\Users\Samet\.gradle\caches\4.4\fileHashes)" [_thread_blocked, id=3088, stack(0x000000001dd80000,0x000000001de80000)]
  0x000000001bca5000 JavaThread "Daemon worker" [_thread_in_Java, id=1152, stack(0x000000001d780000,0x000000001d880000)]
  0x000000001bbc8800 JavaThread "Daemon" [_thread_blocked, id=8020, stack(0x000000001d280000,0x000000001d380000)]
  0x000000001bf38800 JavaThread "Daemon periodic checks" [_thread_blocked, id=9844, stack(0x000000001d180000,0x000000001d280000)]
  0x000000001bc69000 JavaThread "Incoming local TCP Connector on port 1055" [_thread_in_native, id=8740, stack(0x000000001cf40000,0x000000001d040000)]
  0x000000001a505000 JavaThread "Service Thread" daemon [_thread_blocked, id=7900, stack(0x000000001b030000,0x000000001b130000)]
  0x000000001856e800 JavaThread "C1 CompilerThread3" daemon [_thread_in_vm, id=10020, stack(0x000000001af30000,0x000000001b030000)]
  0x000000001a46c000 JavaThread "C2 CompilerThread2" daemon [_thread_blocked, id=8440, stack(0x000000001ae30000,0x000000001af30000)]
=>0x000000001a46b800 JavaThread "C2 CompilerThread1" daemon [_thread_in_native, id=6168, stack(0x000000001ad30000,0x000000001ae30000)]
  0x000000001a468800 JavaThread "C2 CompilerThread0" daemon [_thread_blocked, id=9824, stack(0x000000001ac30000,0x000000001ad30000)]
  0x000000001a467000 JavaThread "Attach Listener" daemon [_thread_blocked, id=9108, stack(0x000000001ab30000,0x000000001ac30000)]
  0x000000001a475800 JavaThread "Signal Dispatcher" daemon [_thread_blocked, id=2512, stack(0x000000001aa30000,0x000000001ab30000)]
  0x000000001a460800 JavaThread "Finalizer" daemon [_thread_blocked, id=7416, stack(0x000000001a840000,0x000000001a940000)]
  0x000000001855b000 JavaThread "Reference Handler" daemon [_thread_blocked, id=7408, stack(0x000000001a340000,0x000000001a440000)]
  0x00000000046a0800 JavaThread "main" [_thread_blocked, id=9464, stack(0x00000000045a0000,0x00000000046a0000)]

Other Threads:
  0x0000000018557000 VMThread [stack: 0x000000001a240000,0x000000001a340000] [id=9120]
  0x000000001a505800 WatcherThread [stack: 0x000000001b130000,0x000000001b230000] [id=1176]

VM state:not at safepoint (normal execution)

VM Mutex/Monitor currently owned by a thread: None

Heap:
 PSYoungGen      total 121344K, used 64299K [0x00000000e0000000, 0x00000000ea380000, 0x0000000100000000)
  eden space 109056K, 49% used [0x00000000e0000000,0x00000000e3529d58,0x00000000e6a80000)
  from space 12288K, 80% used [0x00000000e7900000,0x00000000e82a1018,0x00000000e8500000)
  to   space 14848K, 0% used [0x00000000e6a80000,0x00000000e6a80000,0x00000000e7900000)
 ParOldGen       total 97280K, used 42099K [0x00000000a0000000, 0x00000000a5f00000, 0x00000000e0000000)
  object space 97280K, 43% used [0x00000000a0000000,0x00000000a291cdc8,0x00000000a5f00000)
 Metaspace       used 66166K, capacity 68750K, committed 68864K, reserved 1107968K
  class space    used 8774K, capacity 9449K, committed 9472K, reserved 1048576K

Card table byte_map: [0x0000000013b60000,0x0000000013e70000] byte_map_base: 0x0000000013660000

Marking Bits: (ParMarkBitMap*) 0x0000000057884970
 Begin Bits: [0x0000000014870000, 0x0000000016070000)
 End Bits:   [0x0000000016070000, 0x0000000017870000)

Polling page: 0x0000000002ca0000

CodeCache: size=245760Kb used=26182Kb max_used=26491Kb free=219577Kb
 bounds [0x00000000047a0000, 0x00000000061a0000, 0x00000000137a0000]
 total_blobs=8292 nmethods=7471 adapters=731
 compilation: disabled (not enough contiguous free space left)

Compilation events (10 events):
Event: 49.316 Thread 0x000000001856e800 nmethod 8699 0x000000000618f890 code [0x000000000618fa20, 0x000000000618fde8]
Event: 49.316 Thread 0x000000001856e800 8700   !   3       com.sun.org.apache.xerces.internal.jaxp.validation.ValidatorHandlerImpl::endElement (66 bytes)
Event: 49.316 Thread 0x000000001a468800 nmethod 8698 0x0000000006191910 code [0x0000000006191a60, 0x0000000006191d38]
Event: 49.316 Thread 0x000000001856e800 nmethod 8700 0x000000000618ec10 code [0x000000000618ede0, 0x000000000618f378]
Event: 49.317 Thread 0x000000001856e800 8701       3       com.sun.org.apache.xerces.internal.impl.dv.ValidatedInfo::reset (21 bytes)
Event: 49.317 Thread 0x000000001856e800 nmethod 8701 0x000000000618e890 code [0x000000000618e9e0, 0x000000000618eb90]
Event: 49.317 Thread 0x000000001a46c000 nmethod 8697 0x0000000006193950 code [0x0000000006193aa0, 0x0000000006193dd8]
Event: 49.318 Thread 0x000000001856e800 8702       3       com.sun.org.apache.xerces.internal.impl.XMLEntityScanner::setCurrentEntity (24 bytes)
Event: 49.318 Thread 0x000000001856e800 nmethod 8702 0x000000000618e390 code [0x000000000618e4e0, 0x000000000618e730]
Event: 49.318 Thread 0x000000001856e800 8703       3       sun.net.www.protocol.file.FileURLConnection::getPermission (70 bytes)

GC Heap History (10 events):
Event: 17.309 GC heap before
{Heap before GC invocations=15 (full 2):
 PSYoungGen      total 98304K, used 98284K [0x00000000e0000000, 0x00000000e7000000, 0x0000000100000000)
  eden space 88064K, 100% used [0x00000000e0000000,0x00000000e5600000,0x00000000e5600000)
  from space 10240K, 99% used [0x00000000e6200000,0x00000000e6bfb120,0x00000000e6c00000)
  to   space 12288K, 0% used [0x00000000e5600000,0x00000000e5600000,0x00000000e6200000)
 ParOldGen       total 97280K, used 18745K [0x00000000a0000000, 0x00000000a5f00000, 0x00000000e0000000)
  object space 97280K, 19% used [0x00000000a0000000,0x00000000a124e768,0x00000000a5f00000)
 Metaspace       used 55040K, capacity 56896K, committed 57088K, reserved 1097728K
  class space    used 7464K, capacity 7914K, committed 7936K, reserved 1048576K
Event: 17.329 GC heap after
Heap after GC invocations=15 (full 2):
 PSYoungGen      total 100352K, used 9385K [0x00000000e0000000, 0x00000000e8500000, 0x0000000100000000)
  eden space 88064K, 0% used [0x00000000e0000000,0x00000000e0000000,0x00000000e5600000)
  from space 12288K, 76% used [0x00000000e5600000,0x00000000e5f2a5d0,0x00000000e6200000)
  to   space 12288K, 0% used [0x00000000e7900000,0x00000000e7900000,0x00000000e8500000)
 ParOldGen       total 97280K, used 27507K [0x00000000a0000000, 0x00000000a5f00000, 0x00000000e0000000)
  object space 97280K, 28% used [0x00000000a0000000,0x00000000a1adcee0,0x00000000a5f00000)
 Metaspace       used 55040K, capacity 56896K, committed 57088K, reserved 1097728K
  class space    used 7464K, capacity 7914K, committed 7936K, reserved 1048576K
}
Event: 18.395 GC heap before
{Heap before GC invocations=16 (full 2):
 PSYoungGen      total 100352K, used 97449K [0x00000000e0000000, 0x00000000e8500000, 0x0000000100000000)
  eden space 88064K, 100% used [0x00000000e0000000,0x00000000e5600000,0x00000000e5600000)
  from space 12288K, 76% used [0x00000000e5600000,0x00000000e5f2a5d0,0x00000000e6200000)
  to   space 12288K, 0% used [0x00000000e7900000,0x00000000e7900000,0x00000000e8500000)
 ParOldGen       total 97280K, used 27507K [0x00000000a0000000, 0x00000000a5f00000, 0x00000000e0000000)
  object space 97280K, 28% used [0x00000000a0000000,0x00000000a1adcee0,0x00000000a5f00000)
 Metaspace       used 56836K, capacity 58730K, committed 58880K, reserved 1099776K
  class space    used 7729K, capacity 8188K, committed 8192K, reserved 1048576K
Event: 18.409 GC heap after
Heap after GC invocations=16 (full 2):
 PSYoungGen      total 121344K, used 12256K [0x00000000e0000000, 0x00000000e8b80000, 0x0000000100000000)
  eden space 109056K, 0% used [0x00000000e0000000,0x00000000e0000000,0x00000000e6a80000)
  from space 12288K, 99% used [0x00000000e7900000,0x00000000e84f8038,0x00000000e8500000)
  to   space 14848K, 0% used [0x00000000e6a80000,0x00000000e6a80000,0x00000000e7900000)
 ParOldGen       total 97280K, used 30079K [0x00000000a0000000, 0x00000000a5f00000, 0x00000000e0000000)
  object space 97280K, 30% used [0x00000000a0000000,0x00000000a1d5fcf0,0x00000000a5f00000)
 Metaspace       used 56836K, capacity 58730K, committed 58880K, reserved 1099776K
  class space    used 7729K, capacity 8188K, committed 8192K, reserved 1048576K
}
Event: 18.639 GC heap before
{Heap before GC invocations=17 (full 2):
 PSYoungGen      total 121344K, used 44512K [0x00000000e0000000, 0x00000000e8b80000, 0x0000000100000000)
  eden space 109056K, 29% used [0x00000000e0000000,0x00000000e1f7ffd8,0x00000000e6a80000)
  from space 12288K, 99% used [0x00000000e7900000,0x00000000e84f8038,0x00000000e8500000)
  to   space 14848K, 0% used [0x00000000e6a80000,0x00000000e6a80000,0x00000000e7900000)
 ParOldGen       total 97280K, used 30079K [0x00000000a0000000, 0x00000000a5f00000, 0x00000000e0000000)
  object space 97280K, 30% used [0x00000000a0000000,0x00000000a1d5fcf0,0x00000000a5f00000)
 Metaspace       used 57078K, capacity 58934K, committed 59008K, reserved 1099776K
  class space    used 7785K, capacity 8286K, committed 8320K, reserved 1048576K
Event: 18.659 GC heap after
Heap after GC invocations=17 (full 2):
 PSYoungGen      total 123904K, used 4160K [0x00000000e0000000, 0x00000000e8b80000, 0x0000000100000000)
  eden space 109056K, 0% used [0x00000000e0000000,0x00000000e0000000,0x00000000e6a80000)
  from space 14848K, 28% used [0x00000000e6a80000,0x00000000e6e90000,0x00000000e7900000)
  to   space 12288K, 0% used [0x00000000e7900000,0x00000000e7900000,0x00000000e8500000)
 ParOldGen       total 97280K, used 42383K [0x00000000a0000000, 0x00000000a5f00000, 0x00000000e0000000)
  object space 97280K, 43% used [0x00000000a0000000,0x00000000a2963d68,0x00000000a5f00000)
 Metaspace       used 57078K, capacity 58934K, committed 59008K, reserved 1099776K
  class space    used 7785K, capacity 8286K, committed 8320K, reserved 1048576K
}
Event: 18.659 GC heap before
{Heap before GC invocations=18 (full 3):
 PSYoungGen      total 123904K, used 4160K [0x00000000e0000000, 0x00000000e8b80000, 0x0000000100000000)
  eden space 109056K, 0% used [0x00000000e0000000,0x00000000e0000000,0x00000000e6a80000)
  from space 14848K, 28% used [0x00000000e6a80000,0x00000000e6e90000,0x00000000e7900000)
  to   space 12288K, 0% used [0x00000000e7900000,0x00000000e7900000,0x00000000e8500000)
 ParOldGen       total 97280K, used 42383K [0x00000000a0000000, 0x00000000a5f00000, 0x00000000e0000000)
  object space 97280K, 43% used [0x00000000a0000000,0x00000000a2963d68,0x00000000a5f00000)
 Metaspace       used 57078K, capacity 58934K, committed 59008K, reserved 1099776K
  class space    used 7785K, capacity 8286K, committed 8320K, reserved 1048576K
Event: 19.091 GC heap after
Heap after GC invocations=18 (full 3):
 PSYoungGen      total 123904K, used 0K [0x00000000e0000000, 0x00000000e8b80000, 0x0000000100000000)
  eden space 109056K, 0% used [0x00000000e0000000,0x00000000e0000000,0x00000000e6a80000)
  from space 14848K, 0% used [0x00000000e6a80000,0x00000000e6a80000,0x00000000e7900000)
  to   space 12288K, 0% used [0x00000000e7900000,0x00000000e7900000,0x00000000e8500000)
 ParOldGen       total 97280K, used 42072K [0x00000000a0000000, 0x00000000a5f00000, 0x00000000e0000000)
  object space 97280K, 43% used [0x00000000a0000000,0x00000000a2916178,0x00000000a5f00000)
 Metaspace       used 57078K, capacity 58934K, committed 59008K, reserved 1099776K
  class space    used 7785K, capacity 8286K, committed 8320K, reserved 1048576K
}
Event: 33.201 GC heap before
{Heap before GC invocations=19 (full 3):
 PSYoungGen      total 123904K, used 109056K [0x00000000e0000000, 0x00000000e8b80000, 0x0000000100000000)
  eden space 109056K, 100% used [0x00000000e0000000,0x00000000e6a80000,0x00000000e6a80000)
  from space 14848K, 0% used [0x00000000e6a80000,0x00000000e6a80000,0x00000000e7900000)
  to   space 12288K, 0% used [0x00000000e7900000,0x00000000e7900000,0x00000000e8500000)
 ParOldGen       total 97280K, used 42072K [0x00000000a0000000, 0x00000000a5f00000, 0x00000000e0000000)
  object space 97280K, 43% used [0x00000000a0000000,0x00000000a2916178,0x00000000a5f00000)
 Metaspace       used 64075K, capacity 66286K, committed 66432K, reserved 1105920K
  class space    used 8624K, capacity 9232K, committed 9344K, reserved 1048576K
Event: 33.216 GC heap after
Heap after GC invocations=19 (full 3):
 PSYoungGen      total 121344K, used 9860K [0x00000000e0000000, 0x00000000ea380000, 0x0000000100000000)
  eden space 109056K, 0% used [0x00000000e0000000,0x00000000e0000000,0x00000000e6a80000)
  from space 12288K, 80% used [0x00000000e7900000,0x00000000e82a1018,0x00000000e8500000)
  to   space 14848K, 0% used [0x00000000e6a80000,0x00000000e6a80000,0x00000000e7900000)
 ParOldGen       total 97280K, used 42099K [0x00000000a0000000, 0x00000000a5f00000, 0x00000000e0000000)
  object space 97280K, 43% used [0x00000000a0000000,0x00000000a291cdc8,0x00000000a5f00000)
 Metaspace       used 64075K, capacity 66286K, committed 66432K, reserved 1105920K
  class space    used 8624K, capacity 9232K, committed 9344K, reserved 1048576K
}

Deoptimization events (10 events):
Event: 47.962 Thread 0x000000001e287000 Uncommon trap: reason=bimorphic action=maybe_recompile pc=0x0000000005311314 method=java.io.DataInputStream.readChar()C @ 4
Event: 47.962 Thread 0x000000001e287000 Uncommon trap: reason=bimorphic action=maybe_recompile pc=0x0000000005311314 method=java.io.DataInputStream.readChar()C @ 4
Event: 47.962 Thread 0x000000001e287000 Uncommon trap: reason=bimorphic action=maybe_recompile pc=0x0000000005311314 method=java.io.DataInputStream.readChar()C @ 4
Event: 47.973 Thread 0x000000001bca5000 Uncommon trap: reason=null_check action=make_not_entrant pc=0x0000000005f45e8c method=org.gradle.internal.serialize.DefaultSerializerRegistry$TaggedTypeSerializer.map(Ljava/lang/Class;)Lorg/gradle/internal/serialize/DefaultSerializerRegistry$TypeInfo; @ 1
Event: 47.974 Thread 0x000000001bca5000 Uncommon trap: reason=unstable_if action=reinterpret pc=0x0000000005fd653c method=java.io.ObjectStreamClass.writeNonProxy(Ljava/io/ObjectOutputStream;)V @ 65
Event: 47.975 Thread 0x000000001bca5000 Uncommon trap: reason=bimorphic action=maybe_recompile pc=0x0000000005f4c6fc method=com.google.common.collect.Sets$3.iterator()Ljava/util/Iterator; @ 4
Event: 47.975 Thread 0x000000001bca5000 Uncommon trap: reason=bimorphic action=maybe_recompile pc=0x0000000005f4c6fc method=com.google.common.collect.Sets$3.iterator()Ljava/util/Iterator; @ 4
Event: 48.205 Thread 0x000000001bca5000 Uncommon trap: reason=unstable_if action=reinterpret pc=0x0000000005f45858 method=org.gradle.internal.hash.HashCode.equals(Ljava/lang/Object;)Z @ 67
Event: 48.480 Thread 0x000000001bca5000 Uncommon trap: reason=bimorphic action=maybe_recompile pc=0x0000000005d3f158 method=com.google.common.collect.AbstractMapBasedMultimap.put(Ljava/lang/Object;Ljava/lang/Object;)Z @ 70
Event: 49.112 Thread 0x000000001bca5000 Uncommon trap: reason=bimorphic action=maybe_recompile pc=0x000000000507503c method=java.util.HashMap.removeNode(ILjava/lang/Object;Ljava/lang/Object;ZZ)Ljava/util/HashMap$Node; @ 68

Classes redefined (0 events):
No events

Internal exceptions (10 events):
Event: 49.258 Thread 0x000000001bca5000 Exception <a 'sun/nio/fs/WindowsException'> (0x00000000e26a64e0) thrown at [D:\src\AOSP-openjdk-cygwin\jdk8u\hotspot\src\share\vm\prims\jni.cpp, line 709]
Event: 49.258 Thread 0x000000001bca5000 Exception <a 'sun/nio/fs/WindowsException'> (0x00000000e26a6fa8) thrown at [D:\src\AOSP-openjdk-cygwin\jdk8u\hotspot\src\share\vm\prims\jni.cpp, line 709]
Event: 49.259 Thread 0x000000001bca5000 Exception <a 'sun/nio/fs/WindowsException'> (0x00000000e26aa6f0) thrown at [D:\src\AOSP-openjdk-cygwin\jdk8u\hotspot\src\share\vm\prims\jni.cpp, line 709]
Event: 49.259 Thread 0x000000001bca5000 Exception <a 'sun/nio/fs/WindowsException'> (0x00000000e26ab170) thrown at [D:\src\AOSP-openjdk-cygwin\jdk8u\hotspot\src\share\vm\prims\jni.cpp, line 709]
Event: 49.259 Thread 0x000000001bca5000 Exception <a 'sun/nio/fs/WindowsException'> (0x00000000e26acc20) thrown at [D:\src\AOSP-openjdk-cygwin\jdk8u\hotspot\src\share\vm\prims\jni.cpp, line 709]
Event: 49.259 Thread 0x000000001bca5000 Exception <a 'sun/nio/fs/WindowsException'> (0x00000000e26ad6e0) thrown at [D:\src\AOSP-openjdk-cygwin\jdk8u\hotspot\src\share\vm\prims\jni.cpp, line 709]
Event: 49.260 Thread 0x000000001bca5000 Exception <a 'sun/nio/fs/WindowsException'> (0x00000000e26b0d98) thrown at [D:\src\AOSP-openjdk-cygwin\jdk8u\hotspot\src\share\vm\prims\jni.cpp, line 709]
Event: 49.260 Thread 0x000000001bca5000 Exception <a 'sun/nio/fs/WindowsException'> (0x00000000e26b17e0) thrown at [D:\src\AOSP-openjdk-cygwin\jdk8u\hotspot\src\share\vm\prims\jni.cpp, line 709]
Event: 49.260 Thread 0x000000001bca5000 Exception <a 'sun/nio/fs/WindowsException'> (0x00000000e26b3268) thrown at [D:\src\AOSP-openjdk-cygwin\jdk8u\hotspot\src\share\vm\prims\jni.cpp, line 709]
Event: 49.260 Thread 0x000000001bca5000 Exception <a 'sun/nio/fs/WindowsException'> (0x00000000e26b3ce8) thrown at [D:\src\AOSP-openjdk-cygwin\jdk8u\hotspot\src\share\vm\prims\jni.cpp, line 709]

Events (10 events):
Event: 49.266 Thread 0x000000001bca5000 DEOPT PACKING pc=0x0000000005d35028 sp=0x000000001d87b500
Event: 49.266 Thread 0x000000001bca5000 DEOPT UNPACKING pc=0x00000000047e75d0 sp=0x000000001d87b240 mode 0
Event: 49.272 Thread 0x000000001bca5000 DEOPT PACKING pc=0x0000000005d35028 sp=0x000000001d87b430
Event: 49.272 Thread 0x000000001bca5000 DEOPT UNPACKING pc=0x00000000047e75d0 sp=0x000000001d87b170 mode 0
Event: 49.272 Thread 0x000000001bca5000 DEOPT PACKING pc=0x0000000005d35028 sp=0x000000001d87b500
Event: 49.272 Thread 0x000000001bca5000 DEOPT UNPACKING pc=0x00000000047e75d0 sp=0x000000001d87b240 mode 0
Event: 49.280 Thread 0x000000001bca5000 DEOPT PACKING pc=0x0000000005d35028 sp=0x000000001d87b500
Event: 49.280 Thread 0x000000001bca5000 DEOPT UNPACKING pc=0x00000000047e75d0 sp=0x000000001d87b240 mode 0
Event: 49.280 Executing VM operation: ForceSafepoint
Event: 49.280 Executing VM operation: ForceSafepoint done


Dynamic libraries:
0x00007ff791960000 - 0x00007ff791991000 	F:\win_and_stdio\jre\bin\java.exe
0x00007ff8c3120000 - 0x00007ff8c3300000 	C:\Windows\SYSTEM32\ntdll.dll
0x00007ff8c0bd0000 - 0x00007ff8c0c7e000 	C:\Windows\System32\KERNEL32.DLL
0x00007ff8bf640000 - 0x00007ff8bf8a6000 	C:\Windows\System32\KERNELBASE.dll
0x00007ff8c0c80000 - 0x00007ff8c0d21000 	C:\Windows\System32\ADVAPI32.dll
0x00007ff8c0b20000 - 0x00007ff8c0bbd000 	C:\Windows\System32\msvcrt.dll
0x00007ff8c05f0000 - 0x00007ff8c064b000 	C:\Windows\System32\sechost.dll
0x00007ff8c2400000 - 0x00007ff8c251f000 	C:\Windows\System32\RPCRT4.dll
0x00007ff8c0990000 - 0x00007ff8c0b1f000 	C:\Windows\System32\USER32.dll
0x00007ff8bf620000 - 0x00007ff8bf640000 	C:\Windows\System32\win32u.dll
0x00007ff8c21e0000 - 0x00007ff8c2208000 	C:\Windows\System32\GDI32.dll
0x00007ff8bf900000 - 0x00007ff8bfa93000 	C:\Windows\System32\gdi32full.dll
0x00007ff8c01f0000 - 0x00007ff8c028b000 	C:\Windows\System32\msvcp_win.dll
0x00007ff8bf520000 - 0x00007ff8bf616000 	C:\Windows\System32\ucrtbase.dll
0x00007ff8b2470000 - 0x00007ff8b26d9000 	C:\Windows\WinSxS\amd64_microsoft.windows.common-controls_6595b64144ccf1df_6.0.16299.309_none_15cfd4c4935e6b11\COMCTL32.dll
0x00007ff8c0680000 - 0x00007ff8c0988000 	C:\Windows\System32\combase.dll
0x00007ff8c0570000 - 0x00007ff8c05e2000 	C:\Windows\System32\bcryptPrimitives.dll
0x00007ff8c2210000 - 0x00007ff8c223d000 	C:\Windows\System32\IMM32.DLL
0x0000000056f00000 - 0x0000000056fd2000 	F:\win_and_stdio\jre\jre\bin\msvcr100.dll
0x00000000570c0000 - 0x00000000578ff000 	F:\win_and_stdio\jre\jre\bin\server\jvm.dll
0x00007ff8c2750000 - 0x00007ff8c2758000 	C:\Windows\System32\PSAPI.DLL
0x00007ff8bd810000 - 0x00007ff8bd833000 	C:\Windows\SYSTEM32\WINMM.dll
0x00007ff8b1160000 - 0x00007ff8b1169000 	C:\Windows\SYSTEM32\WSOCK32.dll
0x00007ff8b9400000 - 0x00007ff8b940a000 	C:\Windows\SYSTEM32\VERSION.dll
0x00007ff8c0d30000 - 0x00007ff8c0d9c000 	C:\Windows\System32\WS2_32.dll
0x00007ff8bd7b0000 - 0x00007ff8bd7da000 	C:\Windows\SYSTEM32\WINMMBASE.dll
0x00007ff8bf8b0000 - 0x00007ff8bf8fa000 	C:\Windows\System32\cfgmgr32.dll
0x00007ff8bd560000 - 0x00007ff8bd56f000 	F:\win_and_stdio\jre\jre\bin\verify.dll
0x00007ff8b7440000 - 0x00007ff8b7469000 	F:\win_and_stdio\jre\jre\bin\java.dll
0x00007ff8b1830000 - 0x00007ff8b1846000 	F:\win_and_stdio\jre\jre\bin\zip.dll
0x00007ff8c0da0000 - 0x00007ff8c21d6000 	C:\Windows\System32\SHELL32.dll
0x00007ff8c2350000 - 0x00007ff8c23f6000 	C:\Windows\System32\shcore.dll
0x00007ff8bfaa0000 - 0x00007ff8c01e7000 	C:\Windows\System32\windows.storage.dll
0x00007ff8c26f0000 - 0x00007ff8c2741000 	C:\Windows\System32\shlwapi.dll
0x00007ff8bf4b0000 - 0x00007ff8bf4c1000 	C:\Windows\System32\kernel.appcore.dll
0x00007ff8bf4d0000 - 0x00007ff8bf51c000 	C:\Windows\System32\powrprof.dll
0x00007ff8bf490000 - 0x00007ff8bf4ab000 	C:\Windows\System32\profapi.dll
0x00007ff8af550000 - 0x00007ff8af56a000 	F:\win_and_stdio\jre\jre\bin\net.dll
0x00007ff8beca0000 - 0x00007ff8bed06000 	C:\Windows\system32\mswsock.dll
0x00007ff8af4e0000 - 0x00007ff8af4f1000 	F:\win_and_stdio\jre\jre\bin\nio.dll
0x00007ff8a8780000 - 0x00007ff8a879e000 	C:\Users\Samet\.gradle\native\25\windows-amd64\native-platform.dll
0x00007ff8bbfc0000 - 0x00007ff8bbfcd000 	F:\win_and_stdio\jre\jre\bin\management.dll
0x00007ff8bee70000 - 0x00007ff8bee87000 	C:\Windows\SYSTEM32\CRYPTSP.dll
0x00007ff8be8a0000 - 0x00007ff8be8d3000 	C:\Windows\system32\rsaenh.dll
0x00007ff8bef70000 - 0x00007ff8bef95000 	C:\Windows\SYSTEM32\bcrypt.dll
0x00007ff8bf370000 - 0x00007ff8bf399000 	C:\Windows\SYSTEM32\USERENV.dll
0x00007ff8bee60000 - 0x00007ff8bee6b000 	C:\Windows\SYSTEM32\CRYPTBASE.dll
0x00007ff8bea30000 - 0x00007ff8bea69000 	C:\Windows\SYSTEM32\IPHLPAPI.DLL
0x00007ff8c0bc0000 - 0x00007ff8c0bc8000 	C:\Windows\System32\NSI.dll
0x00007ff8bac80000 - 0x00007ff8bac96000 	C:\Windows\SYSTEM32\dhcpcsvc6.DLL
0x00007ff8ba860000 - 0x00007ff8ba87a000 	C:\Windows\SYSTEM32\dhcpcsvc.DLL
0x00007ff8a69f0000 - 0x00007ff8a6a14000 	F:\win_and_stdio\jre\jre\bin\sunec.dll
0x00007ff8bea80000 - 0x00007ff8beb36000 	C:\Windows\SYSTEM32\DNSAPI.dll
0x00007ff8b92b0000 - 0x00007ff8b92ba000 	C:\Windows\System32\rasadhlp.dll
0x00007ff8b9990000 - 0x00007ff8b9a00000 	C:\Windows\System32\fwpuclnt.dll
0x00007ff8b73e0000 - 0x00007ff8b73eb000 	F:\win_and_stdio\jre\jre\bin\sunmscapi.dll
0x00007ff8c03a0000 - 0x00007ff8c056e000 	C:\Windows\System32\CRYPT32.dll
0x00007ff8bf470000 - 0x00007ff8bf482000 	C:\Windows\System32\MSASN1.dll

VM Arguments:
jvm_args: -Xmx1536m -Dfile.encoding=windows-1252 -Duser.country=US -Duser.language=en -Duser.variant 
java_command: org.gradle.launcher.daemon.bootstrap.GradleDaemon 4.4
java_class_path (initial): C:\Users\Samet\.gradle\wrapper\dists\gradle-4.4-all\9br9xq1tocpiv8o6njlyu5op1\gradle-4.4\lib\gradle-launcher-4.4.jar
Launcher Type: SUN_STANDARD

Environment Variables:
PATH=C:\ProgramData\Oracle\Java\javapath;F:\app\Samet\virtual\product\12.2.0\dbhome_1\bin;C:\Program Files (x86)\NVIDIA Corporation\PhysX\Common;C:\Windows\system32;C:\Windows;C:\Windows\System32\Wbem;C:\Windows\System32\WindowsPowerShell\v1.0\;C:\Users\Samet\AppData\Local\Microsoft\WindowsApps;C:\adb;C:\Windows\system32;C:\Windows;C:\Windows\System32\Wbem;C:\Windows\System32\WindowsPowerShell\v1.0\;C:\Program Files\Git\cmd;C:\Program Files (x86)\Brackets\command;
USERNAME=Samet
OS=Windows_NT
PROCESSOR_IDENTIFIER=Intel64 Family 6 Model 60 Stepping 3, GenuineIntel



---------------  S Y S T E M  ---------------

OS: Windows 10.0 , 64 bit Build 16299 (10.0.16299.15)

CPU:total 8 (initial active 8) (4 cores per cpu, 2 threads per core) family 6 model 60 stepping 3, cmov, cx8, fxsr, mmx, sse, sse2, sse3, ssse3, sse4.1, sse4.2, popcnt, avx, avx2, aes, clmul, erms, lzcnt, ht, tsc, tscinvbit, bmi1, bmi2

Memory: 4k page, physical 8298384k(1733592k free), swap 8298384k(436k free)

vm_info: OpenJDK 64-Bit Server VM (25.152-b02) for windows-amd64 JRE (1.8.0_152-release-1024-b02), built by "builder" with MS VC++ 10.0 (VS2010)

time: Wed Apr 18 16:37:13 2018
elapsed time: 49 seconds (0d 0h 0m 49s)

